<?xml version="1.0" encoding="UTF-8"?>
<testng-results ignored="0" total="1" passed="1" failed="0" skipped="0">
  <reporter-output>
  </reporter-output>
  <suite started-at="2024-03-19T17:00:30 IST" name="test" finished-at="2024-03-19T17:00:46 IST" duration-ms="16349">
    <groups>
    </groups>
    <test started-at="2024-03-19T17:00:30 IST" name="ecommerce" finished-at="2024-03-19T17:00:46 IST" duration-ms="16349">
      <class name="PageTest.LoginPageTest">
        <test-method is-config="true" signature="setUp()[pri:0, instance:PageTest.LoginPageTest@50a638b5]" started-at="2024-03-19T17:00:30 IST" name="setUp" finished-at="2024-03-19T17:00:33 IST" duration-ms="3560" status="PASS">
          <reporter-output>
          </reporter-output>
        </test-method> <!-- setUp -->
        <test-method signature="user()[pri:0, instance:PageTest.LoginPageTest@50a638b5]" started-at="2024-03-19T17:00:33 IST" name="user" finished-at="2024-03-19T17:00:46 IST" duration-ms="12293" status="PASS">
          <reporter-output>
          </reporter-output>
        </test-method> <!-- user -->
        <test-method is-config="true" signature="tearDwon()[pri:0, instance:PageTest.LoginPageTest@50a638b5]" started-at="2024-03-19T17:00:46 IST" name="tearDwon" finished-at="2024-03-19T17:00:46 IST" duration-ms="425" status="PASS">
          <reporter-output>
          </reporter-output>
        </test-method> <!-- tearDwon -->
      </class> <!-- PageTest.LoginPageTest -->
    </test> <!-- ecommerce -->
  </suite> <!-- test -->
</testng-results>
