<?xml version="1.0" encoding="UTF-8"?>
<testng-results ignored="0" total="1" passed="1" failed="0" skipped="0">
  <reporter-output>
  </reporter-output>
  <suite started-at="2023-11-11T14:03:54 IST" name="Default suite" finished-at="2023-11-11T14:04:13 IST" duration-ms="18940">
    <groups>
      <group name="cucumber">
        <method signature="AbstractTestNGCucumberTests.runScenario(io.cucumber.testng.PickleWrapper,io.cucumber.testng.FeatureWrapper)[pri:0, instance:runner.driverRunner@3bb9a3ff]" name="runScenario" class="io.cucumber.testng.AbstractTestNGCucumberTests"/>
      </group> <!-- cucumber -->
    </groups>
    <test started-at="2023-11-11T14:03:54 IST" name="Default test" finished-at="2023-11-11T14:04:13 IST" duration-ms="18940">
      <class name="runner.driverRunner">
        <test-method is-config="true" signature="setUpClass(org.testng.ITestContext)[pri:0, instance:runner.driverRunner@3bb9a3ff]" started-at="2023-11-11T14:03:54 IST" name="setUpClass" finished-at="2023-11-11T14:03:55 IST" duration-ms="269" status="PASS">
          <params>
            <param index="0">
              <value>
                <![CDATA[org.testng.TestRunner@630d1b2f]]>
              </value>
            </param>
          </params>
          <reporter-output>
          </reporter-output>
        </test-method> <!-- setUpClass -->
        <test-method signature="runScenario(io.cucumber.testng.PickleWrapper,io.cucumber.testng.FeatureWrapper)[pri:0, instance:runner.driverRunner@3bb9a3ff]" started-at="2023-11-11T14:03:55 IST" name="runScenario" description="Runs Cucumber Scenarios" data-provider="scenarios" finished-at="2023-11-11T14:04:13 IST" duration-ms="18597" status="PASS">
          <params>
            <param index="0">
              <value>
                <![CDATA["Validate About Menu"]]>
              </value>
            </param>
            <param index="1">
              <value>
                <![CDATA["Validate products screen"]]>
              </value>
            </param>
          </params>
          <reporter-output>
          </reporter-output>
        </test-method> <!-- runScenario -->
        <test-method is-config="true" signature="tearDownClass()[pri:0, instance:runner.driverRunner@3bb9a3ff]" started-at="2023-11-11T14:04:13 IST" name="tearDownClass" finished-at="2023-11-11T14:04:13 IST" duration-ms="4" status="PASS">
          <reporter-output>
          </reporter-output>
        </test-method> <!-- tearDownClass -->
      </class> <!-- runner.driverRunner -->
    </test> <!-- Default test -->
  </suite> <!-- Default suite -->
</testng-results>
