<?xml version="1.0" encoding="UTF-8"?>
<testng-results ignored="0" total="1" passed="1" failed="0" skipped="0">
  <reporter-output>
  </reporter-output>
  <suite started-at="2024-02-07T20:59:34 IST" name="Cycle1" finished-at="2024-02-07T20:59:55 IST" duration-ms="20751">
    <groups>
      <group name="cucumber">
        <method signature="AbstractTestNGCucumberTests.runScenario(io.cucumber.testng.PickleWrapper,io.cucumber.testng.FeatureWrapper)[pri:0, instance:runner.driverRunner@72d1ad2e]" name="runScenario" class="io.cucumber.testng.AbstractTestNGCucumberTests"/>
      </group> <!-- cucumber -->
    </groups>
    <test started-at="2024-02-07T20:59:34 IST" name="Tutorialspoint" finished-at="2024-02-07T20:59:55 IST" duration-ms="20751">
      <class name="runner.driverRunner">
        <test-method is-config="true" signature="setUpClass(org.testng.ITestContext)[pri:0, instance:runner.driverRunner@72d1ad2e]" started-at="2024-02-07T20:59:34 IST" name="setUpClass" finished-at="2024-02-07T20:59:35 IST" duration-ms="584" status="PASS">
          <params>
            <param index="0">
              <value>
                <![CDATA[org.testng.TestRunner@7ec25216]]>
              </value>
            </param>
          </params>
          <reporter-output>
          </reporter-output>
        </test-method> <!-- setUpClass -->
        <test-method signature="runScenario(io.cucumber.testng.PickleWrapper,io.cucumber.testng.FeatureWrapper)[pri:0, instance:runner.driverRunner@72d1ad2e]" started-at="2024-02-07T20:59:35 IST" name="runScenario" description="Runs Cucumber Scenarios" data-provider="scenarios" finished-at="2024-02-07T20:59:55 IST" duration-ms="20044" status="PASS">
          <params>
            <param index="0">
              <value>
                <![CDATA["Validate About Menu"]]>
              </value>
            </param>
            <param index="1">
              <value>
                <![CDATA["Validate products screen"]]>
              </value>
            </param>
          </params>
          <reporter-output>
          </reporter-output>
        </test-method> <!-- runScenario -->
        <test-method is-config="true" signature="tearDownClass()[pri:0, instance:runner.driverRunner@72d1ad2e]" started-at="2024-02-07T20:59:55 IST" name="tearDownClass" finished-at="2024-02-07T20:59:55 IST" duration-ms="2" status="PASS">
          <reporter-output>
          </reporter-output>
        </test-method> <!-- tearDownClass -->
      </class> <!-- runner.driverRunner -->
    </test> <!-- Tutorialspoint -->
  </suite> <!-- Cycle1 -->
</testng-results>
